2018-09-27 19:58:06,249--INFO--root-### URL summary selected
2018-09-27 19:58:06,250--DEBUG--root-### >>> extract_url_text...
2018-09-27 19:58:06,251--INFO--root-### ext: .html
2018-09-27 19:58:06,251--INFO--root-### HTML page received.
2018-09-27 19:58:07,779--INFO--root-### HTML Page Title: Giants continue to make changes to coaching staff
2018-09-27 19:58:07,782--INFO--root-### HTML Page type: <type 'list'>
2018-09-27 19:58:07,783--INFO--root-### HTML Page len: 8
2018-09-27 19:58:07,784--INFO--root-### dnld_text type: <type 'unicode'>
2018-09-27 19:58:07,785--INFO--root-### algorithm: TextRank_Text_Summarizer
2018-09-27 19:58:07,785--INFO--root-### num_sentences: 3
2018-09-27 19:58:07,786--INFO--root-### Document type: <type 'unicode'>
2018-09-27 19:58:07,889--INFO--root-### ['SAN FRANCISCO - The Giants continued to shake up their coaching staff on Thursday, announcing another series of moves.', 'Hensley Meulens will move from hitting coach to bench coach, bumping Ron Wotus from bench coach to third base coach.', 'Matt Herges was named the new bullpen coach.', 'Phil Nevin, the previous third base coach, was let go.', 'Last week, the team reassigned Dave Righetti, Mark Gardner and Steve Decker.', 'Combined with two dismissals after the 2016 season, the Giants have now made seven coaching changes in the last 13 months.', 'Since the end of the 2016 season, they have changed their pitching coach, hitting coach, bench coach, bullpen coach and first base coach, and made two changes in the third base coaching box.', 'The Giants are still interviewing candidates for pitching coach and both hitting positions.', 'There will not be any other changes, as Jose Alguacil (first base) and Shawon Dunston (replay analyst) will remain in their current roles.', 'In a statement put out by the team, manager Bruce Bochy said the organization is "tapping into our coaching expertise to improve all levels of our organization.', '"Rags.', 'Gardy and Deck bring on-the-field experience to the table and I know their input is going to be invaluable in putting together a winning roster," Bochy continued.', 'Meulens had been on staff for eight years as the hitting coach.', 'His new role will have him assisting Bochy as well as handling outfield instruction.', 'The Giants did not have a dedicated outfield coach last season.', 'Wotus will be on staff for a 21st consecutive season.', 'He was the third base coach for the organization in 1998.', 'Herges pitched for the Giants from 2003 to 2005 and spent 11 seasons in the big leagues.', 'He spent the last seven seasons in the Dodgers organization and was their Triple-A pitching coach the past two seasons.']
2018-09-27 19:58:07,890--INFO--root-### Performing summary with TextRank_Text_Summarizer --> 

2018-09-27 19:58:14,969--INFO--root-### sum line: Hensley Meulens will move from hitting coach to bench coach, bumping Ron Wotus from bench coach to third base coach.
2018-09-27 19:58:14,969--INFO--root-### sum line: Since the end of the 2016 season, they have changed their pitching coach, hitting coach, bench coach, bullpen coach and first base coach, and made two changes in the third base coaching box.
2018-09-27 19:58:14,970--INFO--root-### sum line: The Giants did not have a dedicated outfield coach last season.
2018-10-20 09:56:09,387--INFO--root-### URL summary selected
2018-10-20 09:56:09,387--DEBUG--root-### >>> extract_url_text...
2018-10-20 09:56:09,388--INFO--root-### ext: .html
2018-10-20 09:56:09,388--INFO--root-### HTML page received.
2018-10-20 09:56:18,739--INFO--root-### URL summary selected
2018-10-20 09:56:18,740--DEBUG--root-### >>> extract_url_text...
2018-10-20 09:56:18,740--INFO--root-### ext: .html
2018-10-20 09:56:18,740--INFO--root-### HTML page received.
2019-01-07 06:53:07,632--INFO--root-### URL summary selected
2019-01-07 06:53:07,634--DEBUG--root-### >>> extract_url_text...
2019-01-07 06:53:07,635--INFO--root-### ext: .html
2019-01-07 06:53:07,635--INFO--root-### HTML page received.
2019-01-07 06:53:08,506--INFO--root-### HTML Page Title: Alexandria Ocasio-Cortez explains how Trump is a racist [Video]
2019-01-07 06:53:08,507--INFO--root-### HTML Page type: <type 'list'>
2019-01-07 06:53:08,508--INFO--root-### HTML Page len: 10
2019-01-07 06:53:08,508--INFO--root-### dnld_text type: <type 'unicode'>
2019-01-07 06:53:08,508--INFO--root-### algorithm: TextRank_Text_Summarizer
2019-01-07 06:53:08,508--INFO--root-### num_sentences: 3
2019-01-07 06:53:08,509--INFO--root-### Document type: <type 'unicode'>
2019-01-07 06:53:08,597--INFO--root-### ['Ever since her surprising victory in a New York City congressional primary last June, Rep. Alexandria Ocasio-Cortez has not been shy about expressing ideas some see as radical, from the Green New Deal to proposing a 70 percent marginal tax rate for the wealthy.', 'On 60 Minutes on Sunday night, she made another bold statement about President Trump being a racist.', 'When Anderson Cooper asked Ocasio-Cortez why she doesnt speak about Trump very often, she called him a symptom of a problem, adding that the president certainly didnt invent racism, but hes certainly given a voice to it, and expanded it and created a platform for those things.', 'When asked flatly if she believes Trump is racist, Ocasio-Cortez said, Yeah, yeah.', 'No question.', 'She noted the language he uses when speaking about race  for example, when he stated that there were fine people on both sides after the violent Unite the Right rally in Charlottesville, Va., and his rhetoric on immigration.', 'When you look at the words that he uses, which are historic dog whistles of white supremacy, when you look at how he reacted to the Charlottesville incident, where neo-Nazis murdered a woman, versus how he manufactures crises like immigrants seeking legal refuge on our borders, its night and day, she said.', 'In a statement to 60 Minutes, the White House refuted Ocasio-Cortezs claim that Trump is racist, stating that her sheer ignorance on the matter cant cover the fact that President Trump supported and passed historic criminal justice reform.', '60 Minutes airs Sundays at 7 p.m. on CBS.', 'Watch Bernie Sanders explain why he was unaware of sexual harassment during his 2016 campaign: Read more from Yahoo Entertainment: Tell us what you think!', 'Hit us up on Twitter, Facebook or Instagram, or leave your comments below.', 'And check out our host, Kylie Mar, on Twitter, Facebook or Instagram.', 'JerryL: Thank you bartender for being one of the new faces of the Democrat party.', 'And thank you, Robert DeNiro and Cory Booker and Nancy Pelosi and Elizabeth Warren and Kathy Griffin and Alec Baldwin and Samantha Bee and Seth Meyers and Trevor Noah and Rashida Tlaib and Stephen Colbert and Michael Moore and Joy Behar and Kirsten Gillibrand and Michelle Wolfe and Meryl Streep and David Hogg and John Oliver and Kamala Harris and Jim Carrey and Keith Ellison and Pete Souza and Emma Gonzalez and Rachel Maddow and Stephen King and Jimmy Kimmel and Chuck Schumer and Amy Schumer and Debbie Wasserman Schultz and Whoppi Goldberg and Donna Brazile and last, but not least, Maxine Waters for ALSO being the new face of the Democrat party.', 'And a special shout out to Hillary Clinton.', 'Without her strong progressive leadership, Donald Trump could never have been elected President.', 'You guys have a powerful platform for spreading your liberal ideas.', 'Keep on using that platform.', 'PLEASE keep on using that platform.', 'There you go, Yahoo.', 'Now pull it again.', '2.8k']
2019-01-07 06:53:08,597--INFO--root-### Performing summary with TextRank_Text_Summarizer --> 

2019-01-07 06:53:15,896--INFO--root-### sum line: In a statement to 60 Minutes, the White House refuted Ocasio-Cortezs claim that Trump is racist, stating that her sheer ignorance on the matter cant cover the fact that President Trump supported and passed historic criminal justice reform.
2019-01-07 06:53:15,897--INFO--root-### sum line: Keep on using that platform.
2019-01-07 06:53:15,897--INFO--root-### sum line: PLEASE keep on using that platform.
2019-01-07 06:54:09,780--INFO--root-### URL summary selected
2019-01-07 06:54:09,781--DEBUG--root-### >>> extract_url_text...
2019-01-07 06:54:09,781--INFO--root-### ext: .html
2019-01-07 06:54:09,782--INFO--root-### HTML page received.
2019-01-07 06:54:10,863--INFO--root-### HTML Page Title: Bohemian Rhapsody win causes controversy, awkwardness at Golden Globes
2019-01-07 06:54:10,866--INFO--root-### HTML Page type: <type 'list'>
2019-01-07 06:54:10,867--INFO--root-### HTML Page len: 21
2019-01-07 06:54:10,867--INFO--root-### dnld_text type: <type 'unicode'>
2019-01-07 06:54:10,868--INFO--root-### algorithm: TextRank_Text_Summarizer
2019-01-07 06:54:10,868--INFO--root-### num_sentences: 3
2019-01-07 06:54:10,868--INFO--root-### Document type: <type 'unicode'>
2019-01-07 06:54:10,872--INFO--root-### ['Bohemian Rhapsody surprised Hollywood by winning the top drama prize at the Golden Globes on Sunday night, but the films big honor quickly turned awkward and controversial.', 'After cast and producers took the stage to accept the award for Best Motion Picture  Drama, producer Graham King notably didnt mention the films director, Bryan Singer.', 'Neither did star Rami Malek when he took home Best Actor in a Drama for his portrayal of Freddie Mercury.', 'Singers absence from the stage and lack of shout-outs are perhaps not surprising considering his history with the film and personal controversies.', 'Singer was reportedly fired from Bohemian Rhapsody roughly two weeks before filming was completed amid reports of on-set turmoil yet retained his directing credit.', 'Moreover, for years Singer has been repeatedly accused of sexual misconduct; in December 2017, he was sued by a man claiming the director raped him when he was 17 years old.', '(Singer has dismissed such reports as false accusations and bogus lawsuits.)', 'Within moments of the films win, people on Twitter were quick to notice both the lack of mention of Singer on stage and the fact his film was honored so heavily on a night when many celebrities vocally and visibly supported the Times Up and #MeToo movement (see some examples of the online reaction below).', 'Adding to the online debate was the film itself.', 'Bohemian Rhapsody received mixed reviews from critics (even though Maleks performance was widely praised), yet beat out Black Panther, BlacKkKlansman, If Beale Street Could Talk and odds-on favorite A Star Is Born for the win.', 'Backstage at the Globes, producer Graham King was asked by reporters about the Singer omission and the online backlash.', 'Thats not something we should talk about tonight, King said, adding.', 'every single person collaborated and did [the film] out of passion [for] making this story.', 'That was everybody.', 'Continued Malek, There was only one thing we needed to do, celebrate Freddie Mercury.', 'He is a marvel.', 'Nothing was going to compromise us.', 'Were giving him the love, celebration and adulation he deserves.', 'Singer previously addressed his departure from the film in a statement: Bohemian Rhapsody is a passion project of mine.', 'With fewer than three weeks to shoot remaining, I asked Fox for some time off so I could return to the U.S. to deal with pressing health matters concerning one of my parents.', 'This was a very taxing experience, which ultimately took a serious toll on my own health.', 'Unfortunately, the studio was unwilling to accommodate me and terminated my services.', 'This was not my decision and it was beyond my control.', 'Rumors that my unexpected departure from the film was sparked by a dispute I had with Rami Malek are not true.', 'While, at times, we did have creative differences on set, Rami and I successfully put those differences behind us and continued to work on the film together until just prior to Thanksgiving.', 'I wanted nothing more than to be able to finish this project and help honor the legacy of Freddie Mercury and Queen, but Fox would not permit me to do so because I needed to temporarily put my health, and the health of my loved ones, first.', 'Here are some of the reactions on Twitter Sunday night: hollywood patting themselves on the backs and wearing times up pins as they give bryan singer the penultimate award.... i dont know why im surprised yet here we are Congrats to 62% rotten tomatoes holder and Bryan Singer directed Bohemian Rhapsody on winning the first post me too era golden globe.', 'Very cool!', 'Seriously?', 'Bohemian Rhapsody.', 'The Bryan Singer one?....', 'what happened to Times Up?', '#GoldenGlobes A huge LOL to every single person (man and woman) present at The Golden Globes that didnt mention Bryan Singer regarding Bohemian Rhapsody.', '#thegoldenglobes #goldenglobes2018... https://t.co/d92LhqbadA #TimesUp and #metoo but also lets reward Bryan Singer... good job Hollywood foreign press pic.twitter.com/rpZxi8gyoR Those back-to-back heartfelt tributes to Bryan Singer were so moving.', "I thought they'd never stop talking about him.", 'There were a few right answers that the HFPA could have gone with tonight, but by giving Best Picture to a Bryan Singer film, they chose the only wrong answer.', 'Lynette Rice contributed to this report.', 'JerryL: Thank you bartender for being one of the new faces of the Democrat party.', 'And thank you, Robert DeNiro and Cory Booker and Nancy Pelosi and Elizabeth Warren and Kathy Griffin and Alec Baldwin and Samantha Bee and Seth Meyers and Trevor Noah and Rashida Tlaib and Stephen Colbert and Michael Moore and Joy Behar and Kirsten Gillibrand and Michelle Wolfe and Meryl Streep and David Hogg and John Oliver and Kamala Harris and Jim Carrey and Keith Ellison and Pete Souza and Emma Gonzalez and Rachel Maddow and Stephen King and Jimmy Kimmel and Chuck Schumer and Amy Schumer and Debbie Wasserman Schultz and Whoppi Goldberg and Donna Brazile and last, but not least, Maxine Waters for ALSO being the new face of the Democrat party.', 'And a special shout out to Hillary Clinton.', 'Without her strong progressive leadership, Donald Trump could never have been elected President.', 'You guys have a powerful platform for spreading your liberal ideas.', 'Keep on using that platform.', 'PLEASE keep on using that platform.', 'There you go, Yahoo.', 'Now pull it again.', '2.8k']
2019-01-07 06:54:10,872--INFO--root-### Performing summary with TextRank_Text_Summarizer --> 

2019-01-07 06:54:14,314--INFO--root-### sum line: After cast and producers took the stage to accept the award for Best Motion Picture  Drama, producer Graham King notably didnt mention the films director, Bryan Singer.
2019-01-07 06:54:14,314--INFO--root-### sum line: Here are some of the reactions on Twitter Sunday night: hollywood patting themselves on the backs and wearing times up pins as they give bryan singer the penultimate award.... i dont know why im surprised yet here we are Congrats to 62% rotten tomatoes holder and Bryan Singer directed Bohemian Rhapsody on winning the first post me too era golden globe.
2019-01-07 06:54:14,314--INFO--root-### sum line: The Bryan Singer one?....
2019-01-07 11:34:57,275--INFO--root-### URL summary selected
2019-01-07 11:34:57,277--DEBUG--root-### >>> extract_url_text...
2019-01-07 11:34:57,277--INFO--root-### ext: .html
2019-01-07 11:34:57,278--INFO--root-### HTML page received.
2019-01-07 11:35:38,426--INFO--root-### URL summary selected
2019-01-07 11:35:38,427--DEBUG--root-### >>> extract_url_text...
2019-01-07 11:35:38,427--INFO--root-### ext: .html
2019-01-07 11:35:38,427--INFO--root-### HTML page received.
2019-01-07 11:36:43,511--INFO--root-### URL summary selected
2019-01-07 11:36:43,512--DEBUG--root-### >>> extract_url_text...
2019-01-07 11:36:43,513--INFO--root-### ext: .html
2019-01-07 11:36:43,513--INFO--root-### HTML page received.
2019-01-07 11:36:47,084--INFO--root-### HTML Page Title: Two Indian miners dead in new accident, fate of missing 15 unknown
2019-01-07 11:36:47,084--INFO--root-### HTML Page type: <type 'list'>
2019-01-07 11:36:47,084--INFO--root-### HTML Page len: 10
2019-01-07 11:36:47,085--INFO--root-### dnld_text type: <type 'unicode'>
2019-01-07 11:36:47,085--INFO--root-### algorithm: TextRank_Text_Summarizer
2019-01-07 11:36:47,085--INFO--root-### num_sentences: 3
2019-01-07 11:36:47,085--INFO--root-### Document type: <type 'unicode'>
2019-01-07 11:36:47,166--INFO--root-### ["Two miners have been killed in India's remote northeast, police said Monday as rescuers kept up efforts to save 15 workers trapped for over three weeks in an illegal mine elsewhere in the region.", 'The two men were likely hit by boulders as they tried to extract coal while digging narrow tunnels on the slopes of a hill in mineral-rich Meghalaya state on Friday, police said.', 'An "enquiry is underway" and the owner of the quarry is being sought, police superintendent Sylvester Nongtnger said in a statement.', 'The incident comes as the fate of 15 other miners trapped in an illegal coal mine -- known as a "rat mine" -- also in Meghalaya remained uncertain.', 'The miners have been missing since December 13 when water gushed into the narrow pit from a nearby river.', 'Multiple teams from the National Disaster Response Force, Coal India and the Indian Navy have been struggling to pump out water from the 380-foot (115-metre) deep mine so that divers can approach the area where the men are believed to be trapped.', 'A federal environment court banned rat-hole mining in Meghalaya in 2014 after local communities complained it was polluting water sources and endangering miners.', 'But the practice -- which involves digging into hills and burrowing narrow tunnels to reach the coal seam -- continues with thousands of impoverished migrants risking their lives as rat-hole miners.', 'On Sunday, Coal India workers managed to pump water out from the main shaft, police said.', "Many of the miners' families though fear it is now too late for them to be found alive."]
2019-01-07 11:36:47,166--INFO--root-### Performing summary with TextRank_Text_Summarizer --> 

2019-01-07 11:36:52,846--INFO--root-### sum line: Two miners have been killed in India's remote northeast, police said Monday as rescuers kept up efforts to save 15 workers trapped for over three weeks in an illegal mine elsewhere in the region.
2019-01-07 11:36:52,847--INFO--root-### sum line: The incident comes as the fate of 15 other miners trapped in an illegal coal mine -- known as a "rat mine" -- also in Meghalaya remained uncertain.
2019-01-07 11:36:52,847--INFO--root-### sum line: On Sunday, Coal India workers managed to pump water out from the main shaft, police said.
